  Global optimal solution found.
  Objective value:                              44000.00
  Infeasibilities:                              0.000000
  Total solver iterations:                             2

  Model Class:                                        LP

  Total variables:                      2
  Nonlinear variables:                  0
  Integer variables:                    0

  Total constraints:                    5
  Nonlinear constraints:                0

  Total nonzeros:                      10
  Nonlinear nonzeros:                   0


  Variable           Value        Reduced Cost
         A        1.000000            0.000000
         B        13.00000            0.000000

       Row    Slack or Surplus      Dual Price
 FUNCIONAL        44000.00            1.000000
       RAM        0.000000            2400.000
     DISCO        2.000000            0.000000
PROCESADOR        0.000000            200.0000
  MAQUINAS        2.000000            0.000000
